Generating preregistered TDI-3 width-3 training systems...
Generating untouched TDI-3 width-3 holdout systems...
Generating preregistered TDI-3 width-4 training systems...
Generating untouched TDI-3 width-4 holdout systems...
Generating untouched TDI-3 width-5 OOD systems...

TDI-3 preregistered inter-width continuous evaluation
training widths             : 3 and 4
OOD width                   : 5
training width 3 systems    : 8000
training width 4 systems    : 8000
combined training systems   : 16000
holdout width 3 systems     : 4000
holdout width 4 systems     : 4000
combined holdout systems    : 8000
holdout width 5 systems     : 4000
observation horizon         : 2
outcome horizon             : 6
ridge lambda                : 1
training width 3 excluded   : 42
holdout width 3 excluded    : 24
training width 4 excluded   : 0
holdout width 4 excluded    : 0
holdout width 5 excluded    : 0
training width 3 next seed  : 8042
holdout width 3 next seed   : 1004024
training width 4 next seed  : 10008000
holdout width 4 next seed   : 11004000
holdout width 5 next seed   : 20004000

MODÈLE BASELINE
  intercept : 0.990908176024
  feature 00 | moyenne=0.683956573400 | échelle=0.164915270836 | coefficient=-0.026993403327
  feature 01 | moyenne=1.370113161487 | échelle=0.219360713905 | coefficient=0.068035016271
  feature 02 | moyenne=0.687248511556 | échelle=0.161957714213 | coefficient=-0.023969507756
  feature 03 | moyenne=1.372022868405 | échelle=0.218813537751 | coefficient=0.068744283629
  feature 04 | moyenne=0.499480468750 | échelle=0.150469556752 | coefficient=-0.019224063784
  feature 05 | moyenne=0.944082031250 | échelle=0.120133337011 | coefficient=0.004654297027
  feature 06 | moyenne=1.867973215586 | échelle=0.408560611201 | coefficient=0.057713973385
  feature 07 | moyenne=3.448170599161 | échelle=0.793922542731 | coefficient=-0.097269332991
  feature 08 | moyenne=0.502398437500 | échelle=0.151002863168 | coefficient=-0.017794702415
  feature 09 | moyenne=0.944730468750 | échelle=0.119341518576 | coefficient=0.005291517212
  feature 10 | moyenne=1.872800055665 | échelle=0.402924532929 | coefficient=0.055301387446
  feature 11 | moyenne=3.451812743398 | échelle=0.788891947217 | coefficient=-0.105318853253
  feature 12 | moyenne=3.500000000000 | échelle=0.500000000000 | coefficient=0.047619949836

MODÈLE BASELINE + TDI-3
  intercept : 0.990908176024
  feature 00 | moyenne=0.683956573400 | échelle=0.164915270836 | coefficient=-0.024602170341
  feature 01 | moyenne=1.370113161487 | échelle=0.219360713905 | coefficient=0.055614463366
  feature 02 | moyenne=0.687248511556 | échelle=0.161957714213 | coefficient=-0.023326716419
  feature 03 | moyenne=1.372022868405 | échelle=0.218813537751 | coefficient=0.055706978807
  feature 04 | moyenne=0.499480468750 | échelle=0.150469556752 | coefficient=-0.015867690581
  feature 05 | moyenne=0.944082031250 | échelle=0.120133337011 | coefficient=0.001412399739
  feature 06 | moyenne=1.867973215586 | échelle=0.408560611201 | coefficient=0.050345415358
  feature 07 | moyenne=3.448170599161 | échelle=0.793922542731 | coefficient=-0.084989027676
  feature 08 | moyenne=0.502398437500 | échelle=0.151002863168 | coefficient=-0.013408952896
  feature 09 | moyenne=0.944730468750 | échelle=0.119341518576 | coefficient=0.002123505210
  feature 10 | moyenne=1.872800055665 | échelle=0.402924532929 | coefficient=0.048207233527
  feature 11 | moyenne=3.451812743398 | échelle=0.788891947217 | coefficient=-0.091556075877
  feature 12 | moyenne=3.500000000000 | échelle=0.500000000000 | coefficient=0.041108186568
  feature 13 | moyenne=0.414401830808 | échelle=0.184347346793 | coefficient=0.003537399077
  feature 14 | moyenne=0.792656960928 | échelle=0.117246394812 | coefficient=0.015025316787
  feature 15 | moyenne=0.378255130120 | échelle=0.141112334820 | coefficient=0.007862913484

HOLDOUT WIDTH 3

BASELINE APPARIÉE
  MSE                   : 0.002080792
  MAE                   : 0.018622116
  R²                    : 0.305464087
  Spearman              : 0.591430188
  biais moyen           : -0.004626067
  moyenne observée      : 0.983574518
  moyenne prédite       : 0.978948450
  intercept calibration : -0.037097242
  pente calibration     : 1.042620538
  prédictions à 0       : 0.000000 %
  prédictions à 1       : 33.350000 %

BASELINE + TDI-3
  MSE                   : 0.001789824
  MAE                   : 0.017337850
  R²                    : 0.402584700
  Spearman              : 0.697022323
  biais moyen           : -0.005328256
  moyenne observée      : 0.983574518
  moyenne prédite       : 0.978246262
  intercept calibration : -0.107417463
  pente calibration     : 1.115252900
  prédictions à 0       : 0.000000 %
  prédictions à 1       : 34.975000 %

amélioration MSE          : 0.000290968
réduction relative MSE    : 13.983526 %
amélioration MAE          : 0.001284266

HOLDOUT WIDTH 4

BASELINE APPARIÉE
  MSE                   : 0.000025287
  MAE                   : 0.002883024
  R²                    : -22.139403817
  Spearman              : 0.018318165
  biais moyen           : -0.001894631
  moyenne observée      : 0.999012924
  moyenne prédite       : 0.997118293
  intercept calibration : 0.938674407
  pente calibration     : 0.060512898
  prédictions à 0       : 0.000000 %
  prédictions à 1       : 49.200000 %

BASELINE + TDI-3
  MSE                   : 0.000039535
  MAE                   : 0.003628335
  R²                    : -35.176751612
  Spearman              : 0.279302369
  biais moyen           : -0.002869068
  moyenne observée      : 0.999012924
  moyenne prédite       : 0.996143856
  intercept calibration : 0.919224494
  pente calibration     : 0.080097297
  prédictions à 0       : 0.000000 %
  prédictions à 1       : 46.875000 %

amélioration MSE          : -0.000014247
réduction relative MSE    : -56.342626 %
amélioration MAE          : -0.000745311

HOLDOUT COMBINÉ WIDTHS 3 ET 4

BASELINE APPARIÉE
  MSE                   : 0.001053039
  MAE                   : 0.010752570
  R²                    : 0.324153855
  Spearman              : 0.490755159
  biais moyen           : -0.003260349
  moyenne observée      : 0.991293721
  moyenne prédite       : 0.988033372
  intercept calibration : 0.012710203
  pente calibration     : 0.990435694
  prédictions à 0       : 0.000000 %
  prédictions à 1       : 41.275000 %

BASELINE + TDI-3
  MSE                   : 0.000914679
  MAE                   : 0.010483093
  R²                    : 0.412954221
  Spearman              : 0.566936416
  biais moyen           : -0.004098662
  moyenne observée      : 0.991293721
  moyenne prédite       : 0.987195059
  intercept calibration : -0.045722283
  pente calibration     : 1.050467174
  prédictions à 0       : 0.000000 %
  prédictions à 1       : 40.925000 %

amélioration MSE          : 0.000138360
réduction relative MSE    : 13.139139 %
amélioration MAE          : 0.000269478

HOLDOUT HORS DISTRIBUTION — WIDTH 5

BASELINE APPARIÉE
  MSE                   : 0.000767583
  MAE                   : 0.027293619
  R²                    : -251476.348326980
  Spearman              : -0.403040291
  biais moyen           : -0.027293619
  moyenne observée      : 0.999878703
  moyenne prédite       : 0.972585085
  intercept calibration : 1.004012043
  pente calibration     : -0.004249849
  prédictions à 0       : 0.000000 %
  prédictions à 1       : 0.000000 %

BASELINE + TDI-3
  MSE                   : 0.000483356
  MAE                   : 0.021295341
  R²                    : -158357.366983186
  Spearman              : -0.217928974
  biais moyen           : -0.021295341
  moyenne observée      : 0.999878703
  moyenne prédite       : 0.978583362
  intercept calibration : 1.001756854
  pente calibration     : -0.001919254
  prédictions à 0       : 0.000000 %
  prédictions à 1       : 0.000000 %

amélioration MSE          : 0.000284227
réduction relative MSE    : 37.028775 %
amélioration MAE          : 0.005998278

Bootstrap apparié déterministe :          2000 réplications

BOOTSTRAP WIDTH 3
IC 95 % amélioration MSE TDI-3: [0.000195826, 0.000396785] (médiane 0.000288175)
IC 95 % amélioration MAE TDI-3: [0.000928742, 0.001645253] (médiane 0.001293344)

BOOTSTRAP WIDTH 4
IC 95 % amélioration MSE TDI-3: [-0.000017242, -0.000011408] (médiane -0.000014229)
IC 95 % amélioration MAE TDI-3: [-0.000870391, -0.000621827] (médiane -0.000747031)

BOOTSTRAP HOLDOUT COMBINÉ WIDTHS 3 ET 4
IC 95 % amélioration MSE TDI-3: [0.000091703, 0.000190158] (médiane 0.000138331)
IC 95 % amélioration MAE TDI-3: [0.000079518, 0.000467571] (médiane 0.000271037)

BOOTSTRAP WIDTH 5
IC 95 % amélioration MSE TDI-3: [0.000279329, 0.000289017] (médiane 0.000284228)
IC 95 % amélioration MAE TDI-3: [0.005897616, 0.006096733] (médiane 0.005998281)

CRITÈRE PRINCIPAL TDI-3A : ÉCHOUÉ
CRITÈRE TRANSFERT TDI-3B : ÉCHOUÉ
